# JRE version: OpenJDK Runtime Environment Microsoft-8035246 (17.0.8+7) (build 17.0.8+7-LTS)
# Java VM: OpenJDK 64-Bit Server VM Microsoft-8035246 (17.0.8+7-LTS, mixed mode, sharing, tiered, compressed oops, compressed class ptrs, g1 gc, windows-amd64)
GC Precious Log:
 CPUs: 12 total, 12 available
 Memory: 15761M
 Large Page Support: Disabled
 NUMA Support: Disabled
 Compressed Oops: Enabled (32-bit)
 Heap Region Size: 1M
 Heap Min Capacity: 8M
 Heap Initial Capacity: 248M
 Heap Max Capacity: 2G
 Pre-touch: Disabled
 Parallel Workers: 10
 Concurrent Workers: 3
 Concurrent Refinement Workers: 10
 Periodic GC: Disabled
Heap:
 garbage-first heap   total 307200K, used 255824K [0x0000000080000000, 0x0000000100000000)
  region size 1024K, 123 young (125952K), 4 survivors (4096K)
 Metaspace       used 102907K, committed 103808K, reserved 557056K
  class space    used 14190K, committed 14656K, reserved 425984K
GC Heap History (20 events):
Event: 16.345 GC heap before
{Heap before GC invocations=51 (full 0):
 garbage-first heap   total 202752K, used 156486K [0x0000000080000000, 0x0000000100000000)
  region size 1024K, 62 young (63488K), 6 survivors (6144K)
 Metaspace       used 96976K, committed 97664K, reserved 557056K
  class space    used 13569K, committed 13888K, reserved 425984K
}
Event: 16.349 GC heap after
{Heap after GC invocations=52 (full 0):
 garbage-first heap   total 202752K, used 103601K [0x0000000080000000, 0x0000000100000000)
  region size 1024K, 8 young (8192K), 8 survivors (8192K)
 Metaspace       used 96976K, committed 97664K, reserved 557056K
  class space    used 13569K, committed 13888K, reserved 425984K
}
Event: 16.865 GC heap before
{Heap before GC invocations=53 (full 0):
 garbage-first heap   total 202752K, used 158897K [0x0000000080000000, 0x0000000100000000)
  region size 1024K, 63 young (64512K), 8 survivors (8192K)
 Metaspace       used 98321K, committed 99072K, reserved 557056K
  class space    used 13725K, committed 14080K, reserved 425984K
}
Event: 16.870 GC heap after
{Heap after GC invocations=54 (full 0):
 garbage-first heap   total 202752K, used 108386K [0x0000000080000000, 0x0000000100000000)
  region size 1024K, 6 young (6144K), 6 survivors (6144K)
 Metaspace       used 98321K, committed 99072K, reserved 557056K
  class space    used 13725K, committed 14080K, reserved 425984K
}
Event: 16.894 GC heap before
{Heap before GC invocations=54 (full 0):
 garbage-first heap   total 202752K, used 111458K [0x0000000080000000, 0x0000000100000000)
  region size 1024K, 9 young (9216K), 6 survivors (6144K)
 Metaspace       used 98348K, committed 99136K, reserved 557056K
  class space    used 13725K, committed 14080K, reserved 425984K
}
Event: 16.897 GC heap after
{Heap after GC invocations=55 (full 0):
 garbage-first heap   total 202752K, used 108633K [0x0000000080000000, 0x0000000100000000)
  region size 1024K, 1 young (1024K), 1 survivors (1024K)
 Metaspace       used 98348K, committed 99136K, reserved 557056K
  class space    used 13725K, committed 14080K, reserved 425984K
}
Event: 17.142 GC heap before
{Heap before GC invocations=55 (full 0):
 garbage-first heap   total 202752K, used 160857K [0x0000000080000000, 0x0000000100000000)
  region size 1024K, 53 young (54272K), 1 survivors (1024K)
 Metaspace       used 98744K, committed 99520K, reserved 557056K
  class space    used 13772K, committed 14144K, reserved 425984K
}
Event: 17.144 GC heap after
{Heap after GC invocations=56 (full 0):
 garbage-first heap   total 202752K, used 112642K [0x0000000080000000, 0x0000000100000000)
  region size 1024K, 5 young (5120K), 5 survivors (5120K)
 Metaspace       used 98744K, committed 99520K, reserved 557056K
  class space    used 13772K, committed 14144K, reserved 425984K
}
Event: 18.268 GC heap before
{Heap before GC invocations=57 (full 0):
 garbage-first heap   total 202752K, used 162818K [0x0000000080000000, 0x0000000100000000)
  region size 1024K, 55 young (56320K), 5 survivors (5120K)
 Metaspace       used 98759K, committed 99520K, reserved 557056K
  class space    used 13772K, committed 14144K, reserved 425984K
}
Event: 18.271 GC heap after
{Heap after GC invocations=58 (full 0):
 garbage-first heap   total 202752K, used 115403K [0x0000000080000000, 0x0000000100000000)
  region size 1024K, 3 young (3072K), 3 survivors (3072K)
 Metaspace       used 98759K, committed 99520K, reserved 557056K
  class space    used 13772K, committed 14144K, reserved 425984K
}
Event: 18.328 GC heap before
{Heap before GC invocations=58 (full 0):
 garbage-first heap   total 202752K, used 127691K [0x0000000080000000, 0x0000000100000000)
  region size 1024K, 9 young (9216K), 3 survivors (3072K)
 Metaspace       used 98777K, committed 99520K, reserved 557056K
  class space    used 13774K, committed 14144K, reserved 425984K
}
Event: 18.330 GC heap after
{Heap after GC invocations=59 (full 0):
 garbage-first heap   total 202752K, used 118452K [0x0000000080000000, 0x0000000100000000)
  region size 1024K, 2 young (2048K), 2 survivors (2048K)
 Metaspace       used 98777K, committed 99520K, reserved 557056K
  class space    used 13774K, committed 14144K, reserved 425984K
}
Event: 18.561 GC heap before
{Heap before GC invocations=59 (full 0):
 garbage-first heap   total 202752K, used 178868K [0x0000000080000000, 0x0000000100000000)
  region size 1024K, 48 young (49152K), 2 survivors (2048K)
 Metaspace       used 99058K, committed 99840K, reserved 557056K
  class space    used 13787K, committed 14144K, reserved 425984K
}
Event: 18.565 GC heap after
{Heap after GC invocations=60 (full 0):
 garbage-first heap   total 202752K, used 120406K [0x0000000080000000, 0x0000000100000000)
  region size 1024K, 6 young (6144K), 6 survivors (6144K)
 Metaspace       used 99058K, committed 99840K, reserved 557056K
  class space    used 13787K, committed 14144K, reserved 425984K
}
Event: 18.808 GC heap before
{Heap before GC invocations=61 (full 0):
 garbage-first heap   total 214016K, used 177750K [0x0000000080000000, 0x0000000100000000)
  region size 1024K, 51 young (52224K), 6 survivors (6144K)
 Metaspace       used 99173K, committed 99968K, reserved 557056K
  class space    used 13795K, committed 14144K, reserved 425984K
}
Event: 18.812 GC heap after
{Heap after GC invocations=62 (full 0):
 garbage-first heap   total 214016K, used 123773K [0x0000000080000000, 0x0000000100000000)
  region size 1024K, 4 young (4096K), 4 survivors (4096K)
 Metaspace       used 99173K, committed 99968K, reserved 557056K
  class space    used 13795K, committed 14144K, reserved 425984K
}
Event: 18.847 GC heap before
{Heap before GC invocations=62 (full 0):
 garbage-first heap   total 214016K, used 128893K [0x0000000080000000, 0x0000000100000000)
  region size 1024K, 10 young (10240K), 4 survivors (4096K)
 Metaspace       used 99259K, committed 100032K, reserved 557056K
  class space    used 13805K, committed 14144K, reserved 425984K
}
Event: 18.849 GC heap after
{Heap after GC invocations=63 (full 0):
 garbage-first heap   total 214016K, used 124060K [0x0000000080000000, 0x0000000100000000)
  region size 1024K, 1 young (1024K), 1 survivors (1024K)
 Metaspace       used 99259K, committed 100032K, reserved 557056K
  class space    used 13805K, committed 14144K, reserved 425984K
}
Event: 19.023 GC heap before
{Heap before GC invocations=63 (full 0):
 garbage-first heap   total 214016K, used 180380K [0x0000000080000000, 0x0000000100000000)
  region size 1024K, 53 young (54272K), 1 survivors (1024K)
 Metaspace       used 99322K, committed 100096K, reserved 557056K
  class space    used 13809K, committed 14144K, reserved 425984K
}
Event: 19.026 GC heap after
{Heap after GC invocations=64 (full 0):
 garbage-first heap   total 307200K, used 126800K [0x0000000080000000, 0x0000000100000000)
  region size 1024K, 4 young (4096K), 4 survivors (4096K)
 Metaspace       used 99322K, committed 100096K, reserved 557056K
  class space    used 13809K, committed 14144K, reserved 425984K
}

